----------|---------|----------|---------|---------|-------------------
File      | % Stmts | % Branch | % Funcs | % Lines | Uncovered Line #s 
----------|---------|----------|---------|---------|-------------------
All files |     100 |     94.2 |     100 |     100 |                   
 cli.mts  |     100 |      100 |     100 |     100 |                   
 main.mts |     100 |    92.15 |     100 |     100 | 154-155           
----------|---------|----------|---------|---------|-------------------
