TN:
SF:source\cli.mts
FN:6,noColor
FN:10,colorize
FN:13,error
FN:14,warning
FN:15,success
FN:16,info
FN:17,strong
FN:18,careful
FN:19,example
FN:20,binColor
FN:86,getCli
FNF:11
FNH:11
FNDA:21,noColor
FNDA:78,colorize
FNDA:2,error
FNDA:3,warning
FNDA:3,success
FNDA:2,info
FNDA:30,strong
FNDA:2,careful
FNDA:2,example
FNDA:34,binColor
FNDA:21,getCli
DA:1,1
DA:2,1
DA:3,1
DA:4,1
DA:5,1
DA:6,1
DA:7,1
DA:8,1
DA:9,1
DA:10,1
DA:11,78
DA:12,78
DA:13,1
DA:14,1
DA:15,1
DA:16,1
DA:17,1
DA:18,1
DA:19,1
DA:20,1
DA:21,1
DA:22,1
DA:23,1
DA:24,1
DA:25,1
DA:26,1
DA:27,1
DA:28,1
DA:29,1
DA:30,1
DA:31,1
DA:32,1
DA:33,1
DA:34,1
DA:35,1
DA:36,1
DA:37,1
DA:38,1
DA:39,1
DA:40,1
DA:41,1
DA:42,1
DA:43,1
DA:44,1
DA:45,1
DA:46,1
DA:47,1
DA:48,1
DA:49,1
DA:50,1
DA:51,1
DA:52,1
DA:53,1
DA:54,1
DA:55,1
DA:56,1
DA:57,1
DA:58,1
DA:59,1
DA:60,1
DA:61,1
DA:62,1
DA:63,1
DA:64,1
DA:65,1
DA:66,1
DA:67,1
DA:68,1
DA:69,1
DA:70,1
DA:71,1
DA:72,1
DA:73,1
DA:74,1
DA:75,1
DA:76,1
DA:77,1
DA:78,1
DA:79,1
DA:80,1
DA:81,1
DA:82,1
DA:83,1
DA:84,1
DA:85,1
DA:86,1
DA:87,21
DA:88,21
DA:89,21
DA:90,21
DA:91,21
DA:92,21
DA:93,21
DA:94,21
DA:95,21
DA:96,21
DA:97,21
DA:98,21
DA:99,21
DA:100,21
DA:101,21
DA:102,21
DA:103,21
DA:104,21
DA:105,21
DA:106,21
DA:107,21
DA:108,21
DA:109,21
DA:110,21
DA:111,21
DA:112,21
DA:113,21
DA:114,21
DA:115,21
DA:116,21
DA:117,21
DA:118,21
DA:119,21
DA:120,21
DA:121,21
DA:122,21
DA:123,21
DA:124,21
DA:125,21
DA:126,21
DA:127,21
DA:128,21
DA:129,21
DA:130,21
DA:131,21
DA:132,21
DA:133,21
DA:134,21
DA:135,21
DA:136,21
DA:137,21
DA:138,21
DA:139,21
DA:140,21
DA:141,21
DA:142,21
DA:143,21
DA:144,21
DA:145,21
DA:146,21
DA:147,21
DA:148,21
DA:149,21
DA:150,21
DA:151,21
DA:152,21
DA:153,21
DA:154,21
DA:155,21
DA:156,21
DA:157,21
DA:158,2
DA:159,2
DA:160,2
DA:161,21
DA:162,21
DA:163,261
DA:164,1
DA:165,1
DA:166,1
DA:167,261
DA:168,20
DA:169,21
DA:170,1
DA:171,1
DA:172,1
DA:173,19
DA:174,19
LF:174
LH:174
BRDA:6,0,0,21
BRDA:6,1,0,6
BRDA:10,2,0,78
BRDA:11,3,0,70
BRDA:11,4,0,8
BRDA:13,5,0,2
BRDA:14,6,0,3
BRDA:15,7,0,3
BRDA:16,8,0,2
BRDA:17,9,0,30
BRDA:18,10,0,2
BRDA:19,11,0,2
BRDA:20,12,0,34
BRDA:26,13,0,4
BRDA:86,14,0,21
BRDA:154,15,0,6
BRDA:157,16,0,2
BRDA:162,17,0,261
BRDA:163,18,0,1
BRDA:167,19,0,20
BRDA:169,20,0,1
BRDA:172,21,0,19
BRF:22
BRH:22
end_of_record
TN:
SF:source\main.mts
FN:9,normalizePath
FN:21,destructurePath
FN:45,groupByOwner
FN:80,parseOwnerGroups
FN:122,executeParsedGroups
FN:128,onFileWritten
FNF:6
FNH:6
FNDA:37,normalizePath
FNDA:35,destructurePath
FNDA:21,groupByOwner
FNDA:22,parseOwnerGroups
FNDA:12,executeParsedGroups
FNDA:4,onFileWritten
DA:1,1
DA:2,1
DA:3,1
DA:4,1
DA:5,1
DA:6,1
DA:7,1
DA:8,1
DA:9,1
DA:10,37
DA:11,37
DA:12,11
DA:13,11
DA:14,37
DA:15,5
DA:16,5
DA:17,36
DA:18,36
DA:19,1
DA:20,1
DA:21,1
DA:22,35
DA:23,35
DA:24,35
DA:25,35
DA:26,35
DA:27,8
DA:28,8
DA:29,8
DA:30,6
DA:31,6
DA:32,2
DA:33,2
DA:34,2
DA:35,8
DA:36,29
DA:37,35
DA:38,12
DA:39,35
DA:40,1
DA:41,1
DA:42,1
DA:43,1
DA:44,1
DA:45,1
DA:46,21
DA:47,21
DA:48,20
DA:49,20
DA:50,20
DA:51,21
DA:52,30
DA:53,30
DA:54,30
DA:55,30
DA:56,30
DA:57,30
DA:58,27
DA:59,27
DA:60,27
DA:61,27
DA:62,30
DA:63,22
DA:64,22
DA:65,22
DA:66,30
DA:67,30
DA:68,12
DA:69,12
DA:70,1
DA:71,1
DA:72,1
DA:73,1
DA:74,1
DA:75,1
DA:76,1
DA:77,1
DA:78,1
DA:79,1
DA:80,1
DA:81,22
DA:82,22
DA:83,22
DA:84,22
DA:85,22
DA:86,22
DA:87,22
DA:88,30
DA:89,33
DA:90,33
DA:91,33
DA:92,33
DA:93,33
DA:94,33
DA:95,7
DA:96,7
DA:97,7
DA:98,26
DA:99,15
DA:100,15
DA:101,15
DA:102,15
DA:103,15
DA:104,15
DA:105,25
DA:106,15
DA:107,15
DA:108,15
DA:109,15
DA:110,15
DA:111,15
DA:112,15
DA:113,11
DA:114,11
DA:115,11
DA:116,33
DA:117,30
DA:118,22
DA:119,22
DA:120,1
DA:121,1
DA:122,12
DA:123,12
DA:124,12
DA:125,12
DA:126,12
DA:127,12
DA:128,12
DA:129,12
DA:130,12
DA:131,12
DA:132,12
DA:133,15
DA:134,15
DA:135,5
DA:136,3
DA:137,2
DA:138,5
DA:139,5
DA:140,5
DA:141,5
DA:142,10
DA:143,10
DA:144,10
DA:145,10
DA:146,10
DA:147,10
DA:148,10
DA:149,10
DA:150,10
DA:151,10
DA:152,10
DA:153,10
DA:154,10
DA:155,10
DA:156,1
DA:157,1
DA:158,10
DA:159,15
DA:160,12
DA:161,12
DA:162,12
LF:162
LH:162
BRDA:9,0,0,37
BRDA:11,1,0,11
BRDA:13,2,0,36
BRDA:14,3,0,5
BRDA:16,4,0,36
BRDA:21,5,0,35
BRDA:26,6,0,8
BRDA:29,7,0,6
BRDA:29,8,0,6
BRDA:31,9,0,2
BRDA:35,10,0,29
BRDA:37,11,0,15
BRDA:37,12,0,17
BRDA:37,13,0,12
BRDA:45,14,0,21
BRDA:47,15,0,1
BRDA:47,16,0,20
BRDA:51,17,0,30
BRDA:56,18,0,1
BRDA:56,19,0,28
BRDA:57,20,0,1
BRDA:57,21,0,27
BRDA:62,22,0,23
BRDA:62,23,0,1
BRDA:62,24,0,22
BRDA:66,25,0,7
BRDA:67,26,0,12
BRDA:80,27,0,22
BRDA:87,28,0,30
BRDA:88,29,0,33
BRDA:94,30,0,7
BRDA:97,31,0,26
BRDA:98,32,0,16
BRDA:98,33,0,15
BRDA:112,34,0,11
BRDA:98,35,0,23
BRDA:104,36,0,25
BRDA:107,37,0,25
BRDA:108,38,0,25
BRDA:122,39,0,12
BRDA:132,40,0,15
BRDA:134,41,0,5
BRDA:135,42,0,3
BRDA:136,43,0,2
BRDA:141,44,0,10
BRDA:145,45,0,7
BRDA:146,46,0,1
BRDA:151,47,0,1
BRDA:155,48,0,1
BRDA:128,49,0,4
BRDA:156,50,0,1
BRF:51
BRH:51
end_of_record
